<?xml version="1.0" encoding="UTF-8"?>
<!-- Generated by org.testng.reporters.JUnitReportReporter -->
<testsuite hostname="DESKTOP-IT1SSOU" failures="0" tests="1" name="LoginForBangalore.Login" time="17.185" errors="0" timestamp="2022-10-12T12:18:30 IST" skipped="0">
  <testcase classname="LoginForBangalore.Login" name="OpenNaukriApplicationForBangaloreProfile" time="17.185"/>
  <system-out/>
</testsuite> <!-- LoginForBangalore.Login -->
